<?xml version="1.0" encoding="UTF-8"?>
<!-- Generated by org.testng.reporters.JUnitXMLReporter -->
<testsuite hostname="LAPTOP-JEI8AS0O" name="Test" tests="4" failures="1" timestamp="29 Jul 2018 18:05:18 GMT" time="43.41" errors="0">
  <testcase name="testOne" time="5.662" classname="testngpackage.TestOne"/>
  <testcase name="testThree" time="2.04" classname="testngpackage.TestOne"/>
  <testcase name="testTwo" time="2.373" classname="testngpackage.TestOne"/>
  <testcase name="loginSuccess" time="3.176" classname="testngpackage.TestTwo">
    <failure type="java.lang.AssertionError" message="null">
      <![CDATA[java.lang.AssertionError: null
	at testngpackage.TestTwo.loginSuccess(TestTwo.java:30)
... Removed 27 stack frames]]>
    </failure>
  </testcase> <!-- loginSuccess -->
</testsuite> <!-- Test -->
